<?xml version="1.0" encoding="UTF-8"?>
<!-- Generated by org.testng.reporters.JUnitXMLReporter -->
<testsuite hostname="User-PC" ignored="8" name="Regression" tests="3" failures="0" timestamp="26 Sep 2018 22:36:46 GMT" time="7.513" errors="0">
  <testcase name="m1" time="0.03" classname="TestNGEx.Prog1"/>
  <testcase name="verifytest" time="7.398" classname="TestNGEx.FBPage"/>
  <testcase name="m2" time="0.003" classname="TestNGEx.Prog11"/>
  <testcase name="m2" time="0.0" classname="TestNGEx.prog3">
    <ignored/>
  </testcase> <!-- m2 -->
  <testcase name="search" time="0.0" classname="TestNGEx.prog2">
    <ignored/>
  </testcase> <!-- search -->
  <testcase name="logout" time="0.0" classname="TestNGEx.prog2">
    <ignored/>
  </testcase> <!-- logout -->
  <testcase name="m2" time="0.0" classname="TestNGEx.Prog1">
    <ignored/>
  </testcase> <!-- m2 -->
  <testcase name="login" time="0.0" classname="TestNGEx.prog2">
    <ignored/>
  </testcase> <!-- login -->
  <testcase name="m1" time="0.0" classname="TestNGEx.Prog11">
    <ignored/>
  </testcase> <!-- m1 -->
  <testcase name="VerifyTitle" time="0.0" classname="TestNGEx.Prog11">
    <ignored/>
  </testcase> <!-- VerifyTitle -->
  <testcase name="m3" time="0.0" classname="TestNGEx.Prog11">
    <ignored/>
  </testcase> <!-- m3 -->
</testsuite> <!-- Regression -->
