<?xml version="1.0" encoding="UTF-8"?>
<!-- Generated by org.testng.reporters.JUnitXMLReporter -->
<testsuite hostname="User-PC" ignored="4" name="TestABC" tests="16" failures="0" timestamp="26 Sep 2018 14:09:45 GMT" time="9.385" errors="0">
  <testcase name="m1" time="0.043" classname="TestNGEx.Prog1"/>
  <testcase name="login" time="0.008" classname="TestNGEx.prog2"/>
  <testcase name="logout" time="0.001" classname="TestNGEx.prog2"/>
  <testcase name="verifytest" time="9.142" classname="TestNGEx.FBPage"/>
  <testcase name="search" time="0.002" classname="TestNGEx.prog2"/>
  <testcase name="m2" time="0.006" classname="TestNGEx.prog3"/>
  <testcase name="m2" time="0.002" classname="TestNGEx.prog3"/>
  <testcase name="m2" time="0.002" classname="TestNGEx.prog3"/>
  <testcase name="m2" time="0.002" classname="TestNGEx.prog3"/>
  <testcase name="m2" time="0.002" classname="TestNGEx.prog3"/>
  <testcase name="m2" time="0.001" classname="TestNGEx.prog3"/>
  <testcase name="m2" time="0.002" classname="TestNGEx.prog3"/>
  <testcase name="m2" time="0.005" classname="TestNGEx.prog3"/>
  <testcase name="m2" time="0.001" classname="TestNGEx.prog3"/>
  <testcase name="m2" time="0.001" classname="TestNGEx.prog3"/>
  <testcase name="m2" time="0.001" classname="TestNGEx.Prog11"/>
  <testcase name="m2" time="0.0" classname="TestNGEx.Prog1">
    <ignored/>
  </testcase> <!-- m2 -->
  <testcase name="m1" time="0.0" classname="TestNGEx.Prog11">
    <ignored/>
  </testcase> <!-- m1 -->
  <testcase name="VerifyTitle" time="0.0" classname="TestNGEx.Prog11">
    <ignored/>
  </testcase> <!-- VerifyTitle -->
  <testcase name="m3" time="0.0" classname="TestNGEx.Prog11">
    <ignored/>
  </testcase> <!-- m3 -->
</testsuite> <!-- TestABC -->
